<?xml version="1.0" encoding="UTF-8"?>
<!-- Generated by org.testng.reporters.JUnitReportReporter -->
<testsuite hostname="DESKTOP-6L02Q21" failures="0" tests="2" name="testscript.ManageNewsTest" time="19.196" errors="0" timestamp="2025-07-03T13:10:01 IST" skipped="0">
  <testcase classname="testscript.ManageNewsTest" name="verifyTheUserIsAbleToEnterTheNews" time="10.242"/>
  <testcase classname="testscript.ManageNewsTest" name="verifyTheUserIsAbleToUpdateTheNews" time="8.954"/>
</testsuite> <!-- testscript.ManageNewsTest -->
