<?xml version="1.0" encoding="UTF-8"?>
<!-- Generated by org.testng.reporters.JUnitReportReporter -->
<testsuite hostname="DESKTOP-6L02Q21" failures="0" tests="2" name="testscript.ManageContactTest" time="17.930" errors="0" timestamp="2025-07-02T23:22:04 IST" skipped="0">
  <testcase classname="testscript.ManageContactTest" name="verifyTheUserIsAbleToUpdateContactUsInformations" time="9.186"/>
  <testcase classname="testscript.ManageContactTest" name="verifyTheUserIsAbleToDisplayContactUsInformations" time="8.744"/>
</testsuite> <!-- testscript.ManageContactTest -->
