<?xml version="1.0" encoding="UTF-8"?>
<!-- Generated by org.testng.reporters.JUnitReportReporter -->
<testsuite hostname="DESKTOP-6L02Q21" failures="0" tests="1" name="testscript.LogoutTest" time="7.653" errors="0" timestamp="2025-07-03T13:10:01 IST" skipped="0">
  <testcase classname="testscript.LogoutTest" name="isUserIsAbleToLogOut" time="7.653"/>
</testsuite> <!-- testscript.LogoutTest -->
