<?xml version="1.0" encoding="UTF-8"?>
<!-- Generated by org.testng.reporters.JUnitReportReporter -->
<testsuite hostname="DESKTOP-6L02Q21" failures="0" tests="1" name="testscript.HomePageTest" time="18.340" errors="0" timestamp="2025-07-03T20:29:30 IST" skipped="0">
  <testcase classname="testscript.HomePageTest" name="isUserIsAbleToLogOut" time="18.340"/>
</testsuite> <!-- testscript.HomePageTest -->
