<?xml version="1.0" encoding="UTF-8"?>
<!-- Generated by org.testng.reporters.JUnitReportReporter -->
<testsuite hostname="DESKTOP-6L02Q21" failures="0" tests="2" name="testscript.ManageNewsTest" time="20.514" errors="0" timestamp="2025-07-02T23:22:04 IST" skipped="0">
  <testcase classname="testscript.ManageNewsTest" name="verifyTheUserIsAbleToEnterTheNews" time="13.138"/>
  <testcase classname="testscript.ManageNewsTest" name="verifyTheUserIsAbleToUpdateTheNews" time="7.376"/>
</testsuite> <!-- testscript.ManageNewsTest -->
