<?xml version="1.0" encoding="UTF-8"?>
<!-- Generated by org.testng.reporters.JUnitReportReporter -->
<testsuite hostname="DESKTOP-6L02Q21" failures="0" tests="1" name="testscript.ManageFooterTest" time="7.517" errors="0" timestamp="2025-07-03T11:23:44 IST" skipped="0">
  <testcase classname="testscript.ManageFooterTest" name="verifyTheUserIsAbleToUpdateManageFooterTextInformation" time="7.517"/>
</testsuite> <!-- testscript.ManageFooterTest -->
