<?xml version="1.0" encoding="UTF-8"?>
<!-- Generated by org.testng.reporters.JUnitReportReporter -->
<testsuite hostname="DESKTOP-6L02Q21" failures="0" tests="4" name="testscript.LoginTest" time="22.923" errors="0" timestamp="2025-07-03T11:23:44 IST" skipped="0">
  <testcase classname="testscript.LoginTest" name="verifyTheUserIsAbleToLoginUsingValidCredentials" time="7.764"/>
  <testcase classname="testscript.LoginTest" name="verifyTheUserIsAbleToLoginUsingValidUsername_InvalidPassword" time="4.911"/>
  <testcase classname="testscript.LoginTest" name="verifyTheUserIsAbleToLoginUsingInvalidUsername_InvalidPassword" time="5.415"/>
  <testcase classname="testscript.LoginTest" name="verifyTheUserIsAbleToLoginUsingInalidUsername_validPassword" time="4.833"/>
</testsuite> <!-- testscript.LoginTest -->
