<?xml version="1.0" encoding="UTF-8"?>
<!-- Generated by org.testng.reporters.JUnitReportReporter -->
<testsuite hostname="DESKTOP-6L02Q21" failures="0" tests="1" name="testscript.ManageCategoryTest" time="27.190" errors="0" timestamp="2025-07-03T11:23:44 IST" skipped="0">
  <testcase classname="testscript.ManageCategoryTest" name="verifyTheUserIsAbleToAddCategoryInformations" time="27.190"/>
</testsuite> <!-- testscript.ManageCategoryTest -->
